<?xml version="1.0" encoding="UTF-8"?>
<!-- Generated by org.testng.reporters.JUnitReportReporter -->
<testsuite hostname="DESKTOP-H2UN25B" failures="0" tests="2" name="SeleniumDemoT.Tests.SubmitOrderTestNG" time="19.765" errors="0" timestamp="2024-09-24T16:09:45 IST" skipped="0">
  <testcase classname="SeleniumDemoT.Tests.SubmitOrderTestNG" name="submitOrder" time="10.939"/>
  <system-out/>
  <testcase classname="SeleniumDemoT.Tests.SubmitOrderTestNG" name="submitOrder" time="8.826"/>
  <system-out/>
</testsuite> <!-- SeleniumDemoT.Tests.SubmitOrderTestNG -->
