<?xml version="1.0" encoding="UTF-8"?>
<!-- Generated by org.testng.reporters.JUnitReportReporter -->
<testsuite hostname="DESKTOP-H2UN25B" failures="0" tests="3" name="SeleniumDemoT.Tests.SubmitOrderTestNG" time="39.497" errors="0" timestamp="2024-09-25T13:31:12 IST" skipped="0">
  <testcase classname="SeleniumDemoT.Tests.SubmitOrderTestNG" name="OrderHistoryTest" time="10.362"/>
  <testcase classname="SeleniumDemoT.Tests.SubmitOrderTestNG" name="submitOrder" time="14.939"/>
  <testcase classname="SeleniumDemoT.Tests.SubmitOrderTestNG" name="submitOrder" time="14.196"/>
</testsuite> <!-- SeleniumDemoT.Tests.SubmitOrderTestNG -->
